# JRE version: Java(TM) SE Runtime Environment (15.0.2+7) (build 15.0.2+7-27)
# Java VM: Java HotSpot(TM) 64-Bit Server VM (15.0.2+7-27, mixed mode, sharing, tiered, compressed oops, g1 gc, windows-amd64)
GC Precious Log:
 CPUs: 8 total, 8 available
 Memory: 16057M
 Large Page Support: Disabled
 NUMA Support: Disabled
 Compressed Oops: Enabled (Zero based)
 Heap Region Size: 2M
 Heap Min Capacity: 8M
 Heap Initial Capacity: 252M
 Heap Max Capacity: 4016M
 Pre-touch: Disabled
 Parallel Workers: 8
 Concurrent Workers: 2
 Concurrent Refinement Workers: 8
 Periodic GC: Disabled
Heap:
 garbage-first heap   total 258048K, used 43006K [0x0000000705000000, 0x0000000800000000)
  region size 2048K, 22 young (45056K), 1 survivors (2048K)
 Metaspace       used 3691K, capacity 6294K, committed 6400K, reserved 1056768K
  class space    used 234K, capacity 510K, committed 512K, reserved 1048576K
GC Heap History (20 events):
Event: 2295.160 GC heap before
{Heap before GC invocations=14 (full 0):
 garbage-first heap   total 258048K, used 151612K [0x0000000705000000, 0x0000000800000000)
  region size 2048K, 75 young (153600K), 2 survivors (4096K)
 Metaspace       used 3674K, capacity 6294K, committed 6400K, reserved 1056768K
  class space    used 234K, capacity 510K, committed 512K, reserved 1048576K
}
Event: 2295.162 GC heap after
{Heap after GC invocations=15 (full 0):
 garbage-first heap   total 258048K, used 2108K [0x0000000705000000, 0x0000000800000000)
  region size 2048K, 2 young (4096K), 2 survivors (4096K)
 Metaspace       used 3674K, capacity 6294K, committed 6400K, reserved 1056768K
  class space    used 234K, capacity 510K, committed 512K, reserved 1048576K
}
Event: 2449.963 GC heap before
{Heap before GC invocations=15 (full 0):
 garbage-first heap   total 258048K, used 151612K [0x0000000705000000, 0x0000000800000000)
  region size 2048K, 75 young (153600K), 2 survivors (4096K)
 Metaspace       used 3674K, capacity 6294K, committed 6400K, reserved 1056768K
  class space    used 234K, capacity 510K, committed 512K, reserved 1048576K
}
Event: 2449.966 GC heap after
{Heap after GC invocations=16 (full 0):
 garbage-first heap   total 258048K, used 2103K [0x0000000705000000, 0x0000000800000000)
  region size 2048K, 1 young (2048K), 1 survivors (2048K)
 Metaspace       used 3674K, capacity 6294K, committed 6400K, reserved 1056768K
  class space    used 234K, capacity 510K, committed 512K, reserved 1048576K
}
Event: 2611.141 GC heap before
{Heap before GC invocations=16 (full 0):
 garbage-first heap   total 258048K, used 153655K [0x0000000705000000, 0x0000000800000000)
  region size 2048K, 75 young (153600K), 1 survivors (2048K)
 Metaspace       used 3674K, capacity 6294K, committed 6400K, reserved 1056768K
  class space    used 234K, capacity 510K, committed 512K, reserved 1048576K
}
Event: 2611.142 GC heap after
{Heap after GC invocations=17 (full 0):
 garbage-first heap   total 258048K, used 2111K [0x0000000705000000, 0x0000000800000000)
  region size 2048K, 1 young (2048K), 1 survivors (2048K)
 Metaspace       used 3674K, capacity 6294K, committed 6400K, reserved 1056768K
  class space    used 234K, capacity 510K, committed 512K, reserved 1048576K
}
Event: 2787.828 GC heap before
{Heap before GC invocations=17 (full 0):
 garbage-first heap   total 258048K, used 153663K [0x0000000705000000, 0x0000000800000000)
  region size 2048K, 75 young (153600K), 1 survivors (2048K)
 Metaspace       used 3674K, capacity 6294K, committed 6400K, reserved 1056768K
  class space    used 234K, capacity 510K, committed 512K, reserved 1048576K
}
Event: 2787.829 GC heap after
{Heap after GC invocations=18 (full 0):
 garbage-first heap   total 258048K, used 2051K [0x0000000705000000, 0x0000000800000000)
  region size 2048K, 1 young (2048K), 1 survivors (2048K)
 Metaspace       used 3674K, capacity 6294K, committed 6400K, reserved 1056768K
  class space    used 234K, capacity 510K, committed 512K, reserved 1048576K
}
Event: 2972.212 GC heap before
{Heap before GC invocations=18 (full 0):
 garbage-first heap   total 258048K, used 153603K [0x0000000705000000, 0x0000000800000000)
  region size 2048K, 75 young (153600K), 1 survivors (2048K)
 Metaspace       used 3674K, capacity 6294K, committed 6400K, reserved 1056768K
  class space    used 234K, capacity 510K, committed 512K, reserved 1048576K
}
Event: 2972.213 GC heap after
{Heap after GC invocations=19 (full 0):
 garbage-first heap   total 258048K, used 2043K [0x0000000705000000, 0x0000000800000000)
  region size 2048K, 1 young (2048K), 1 survivors (2048K)
 Metaspace       used 3674K, capacity 6294K, committed 6400K, reserved 1056768K
  class space    used 234K, capacity 510K, committed 512K, reserved 1048576K
}
Event: 3145.567 GC heap before
{Heap before GC invocations=19 (full 0):
 garbage-first heap   total 258048K, used 153595K [0x0000000705000000, 0x0000000800000000)
  region size 2048K, 75 young (153600K), 1 survivors (2048K)
 Metaspace       used 3674K, capacity 6294K, committed 6400K, reserved 1056768K
  class space    used 234K, capacity 510K, committed 512K, reserved 1048576K
}
Event: 3145.568 GC heap after
{Heap after GC invocations=20 (full 0):
 garbage-first heap   total 258048K, used 2046K [0x0000000705000000, 0x0000000800000000)
  region size 2048K, 1 young (2048K), 1 survivors (2048K)
 Metaspace       used 3674K, capacity 6294K, committed 6400K, reserved 1056768K
  class space    used 234K, capacity 510K, committed 512K, reserved 1048576K
}
Event: 3331.181 GC heap before
{Heap before GC invocations=20 (full 0):
 garbage-first heap   total 258048K, used 153598K [0x0000000705000000, 0x0000000800000000)
  region size 2048K, 75 young (153600K), 1 survivors (2048K)
 Metaspace       used 3683K, capacity 6294K, committed 6400K, reserved 1056768K
  class space    used 234K, capacity 510K, committed 512K, reserved 1048576K
}
Event: 3331.181 GC heap after
{Heap after GC invocations=21 (full 0):
 garbage-first heap   total 258048K, used 2042K [0x0000000705000000, 0x0000000800000000)
  region size 2048K, 1 young (2048K), 1 survivors (2048K)
 Metaspace       used 3683K, capacity 6294K, committed 6400K, reserved 1056768K
  class space    used 234K, capacity 510K, committed 512K, reserved 1048576K
}
Event: 3503.143 GC heap before
{Heap before GC invocations=21 (full 0):
 garbage-first heap   total 258048K, used 153594K [0x0000000705000000, 0x0000000800000000)
  region size 2048K, 75 young (153600K), 1 survivors (2048K)
 Metaspace       used 3686K, capacity 6294K, committed 6400K, reserved 1056768K
  class space    used 234K, capacity 510K, committed 512K, reserved 1048576K
}
Event: 3503.144 GC heap after
{Heap after GC invocations=22 (full 0):
 garbage-first heap   total 258048K, used 2048K [0x0000000705000000, 0x0000000800000000)
  region size 2048K, 1 young (2048K), 1 survivors (2048K)
 Metaspace       used 3686K, capacity 6294K, committed 6400K, reserved 1056768K
  class space    used 234K, capacity 510K, committed 512K, reserved 1048576K
}
Event: 3692.234 GC heap before
{Heap before GC invocations=22 (full 0):
 garbage-first heap   total 258048K, used 153600K [0x0000000705000000, 0x0000000800000000)
  region size 2048K, 75 young (153600K), 1 survivors (2048K)
 Metaspace       used 3686K, capacity 6294K, committed 6400K, reserved 1056768K
  class space    used 234K, capacity 510K, committed 512K, reserved 1048576K
}
Event: 3692.235 GC heap after
{Heap after GC invocations=23 (full 0):
 garbage-first heap   total 258048K, used 2048K [0x0000000705000000, 0x0000000800000000)
  region size 2048K, 1 young (2048K), 1 survivors (2048K)
 Metaspace       used 3686K, capacity 6294K, committed 6400K, reserved 1056768K
  class space    used 234K, capacity 510K, committed 512K, reserved 1048576K
}
Event: 3874.916 GC heap before
{Heap before GC invocations=23 (full 0):
 garbage-first heap   total 258048K, used 153600K [0x0000000705000000, 0x0000000800000000)
  region size 2048K, 75 young (153600K), 1 survivors (2048K)
 Metaspace       used 3686K, capacity 6294K, committed 6400K, reserved 1056768K
  class space    used 234K, capacity 510K, committed 512K, reserved 1048576K
}
Event: 3874.916 GC heap after
{Heap after GC invocations=24 (full 0):
 garbage-first heap   total 258048K, used 2046K [0x0000000705000000, 0x0000000800000000)
  region size 2048K, 1 young (2048K), 1 survivors (2048K)
 Metaspace       used 3686K, capacity 6294K, committed 6400K, reserved 1056768K
  class space    used 234K, capacity 510K, committed 512K, reserved 1048576K
}

